2020-06-13 02:38:00.231  INFO 4868 --- [restartedMain] com.bit.FinalProjectApplication          : Starting FinalProjectApplication on DESKTOP-HLBI8N1 with PID 4868 (C:\Users\witht\Documents\sts-git\FinalProject\FinalProject\target\classes started by witht in C:\Users\witht\Documents\sts-git\FinalProject\FinalProject)
2020-06-13 02:38:00.231  INFO 4868 --- [restartedMain] com.bit.FinalProjectApplication          : No active profile set, falling back to default profiles: default
2020-06-13 02:38:00.601  INFO 4868 --- [restartedMain] o.s.b.w.embedded.tomcat.TomcatWebServer  : Tomcat initialized with port(s): 80 (http)
2020-06-13 02:38:00.601  INFO 4868 --- [restartedMain] o.apache.catalina.core.StandardService   : Starting service [Tomcat]
2020-06-13 02:38:00.602  INFO 4868 --- [restartedMain] org.apache.catalina.core.StandardEngine  : Starting Servlet engine: [Apache Tomcat/9.0.35]
2020-06-13 02:38:00.650  WARN 4868 --- [restartedMain] o.a.tomcat.util.scan.StandardJarScanner  : Failed to scan [file:/C:/Users/witht/.m2/repository/com/oracle/ojdbc/ojdbc8/19.3.0.0/oraclepki.jar] from classloader hierarchy

java.io.FileNotFoundException: C:\Users\witht\.m2\repository\com\oracle\ojdbc\ojdbc8\19.3.0.0\oraclepki.jar (지정된 파일을 찾을 수 없습니다)
	at java.util.zip.ZipFile.open(Native Method) ~[na:1.8.0_251]
	at java.util.zip.ZipFile.<init>(Unknown Source) ~[na:1.8.0_251]
	at java.util.zip.ZipFile.<init>(Unknown Source) ~[na:1.8.0_251]
	at java.util.jar.JarFile.<init>(Unknown Source) ~[na:1.8.0_251]
	at java.util.jar.JarFile.<init>(Unknown Source) ~[na:1.8.0_251]
	at org.apache.tomcat.util.compat.JreCompat.jarFileNewInstance(JreCompat.java:184) ~[tomcat-embed-core-9.0.35.jar:9.0.35]
	at org.apache.tomcat.util.scan.JarFileUrlJar.<init>(JarFileUrlJar.java:65) ~[tomcat-embed-core-9.0.35.jar:9.0.35]
	at org.apache.tomcat.util.scan.JarFactory.newInstance(JarFactory.java:49) ~[tomcat-embed-core-9.0.35.jar:9.0.35]
	at org.apache.tomcat.util.scan.StandardJarScanner.process(StandardJarScanner.java:383) [tomcat-embed-core-9.0.35.jar:9.0.35]
	at org.apache.tomcat.util.scan.StandardJarScanner.processURLs(StandardJarScanner.java:318) [tomcat-embed-core-9.0.35.jar:9.0.35]
	at org.apache.tomcat.util.scan.StandardJarScanner.doScanClassPath(StandardJarScanner.java:270) [tomcat-embed-core-9.0.35.jar:9.0.35]
	at org.apache.tomcat.util.scan.StandardJarScanner.scan(StandardJarScanner.java:233) [tomcat-embed-core-9.0.35.jar:9.0.35]
	at org.apache.jasper.servlet.TldScanner.scanJars(TldScanner.java:262) [tomcat-embed-jasper-9.0.35.jar:9.0.35]
	at org.apache.jasper.servlet.TldScanner.scan(TldScanner.java:104) [tomcat-embed-jasper-9.0.35.jar:9.0.35]
	at org.apache.jasper.servlet.JasperInitializer.onStartup(JasperInitializer.java:83) [tomcat-embed-jasper-9.0.35.jar:9.0.35]
	at org.apache.catalina.core.StandardContext.startInternal(StandardContext.java:5136) [tomcat-embed-core-9.0.35.jar:9.0.35]
	at org.apache.catalina.util.LifecycleBase.start(LifecycleBase.java:183) [tomcat-embed-core-9.0.35.jar:9.0.35]
	at org.apache.catalina.core.ContainerBase$StartChild.call(ContainerBase.java:1384) [tomcat-embed-core-9.0.35.jar:9.0.35]
	at org.apache.catalina.core.ContainerBase$StartChild.call(ContainerBase.java:1374) [tomcat-embed-core-9.0.35.jar:9.0.35]
	at java.util.concurrent.FutureTask.run(Unknown Source) [na:1.8.0_251]
	at org.apache.tomcat.util.threads.InlineExecutorService.execute(InlineExecutorService.java:75) [tomcat-embed-core-9.0.35.jar:9.0.35]
	at java.util.concurrent.AbstractExecutorService.submit(Unknown Source) [na:1.8.0_251]
	at org.apache.catalina.core.ContainerBase.startInternal(ContainerBase.java:909) [tomcat-embed-core-9.0.35.jar:9.0.35]
	at org.apache.catalina.core.StandardHost.startInternal(StandardHost.java:841) [tomcat-embed-core-9.0.35.jar:9.0.35]
	at org.apache.catalina.util.LifecycleBase.start(LifecycleBase.java:183) [tomcat-embed-core-9.0.35.jar:9.0.35]
	at org.apache.catalina.core.ContainerBase$StartChild.call(ContainerBase.java:1384) [tomcat-embed-core-9.0.35.jar:9.0.35]
	at org.apache.catalina.core.ContainerBase$StartChild.call(ContainerBase.java:1374) [tomcat-embed-core-9.0.35.jar:9.0.35]
	at java.util.concurrent.FutureTask.run(Unknown Source) [na:1.8.0_251]
	at org.apache.tomcat.util.threads.InlineExecutorService.execute(InlineExecutorService.java:75) [tomcat-embed-core-9.0.35.jar:9.0.35]
	at java.util.concurrent.AbstractExecutorService.submit(Unknown Source) [na:1.8.0_251]
	at org.apache.catalina.core.ContainerBase.startInternal(ContainerBase.java:909) [tomcat-embed-core-9.0.35.jar:9.0.35]
	at org.apache.catalina.core.StandardEngine.startInternal(StandardEngine.java:262) [tomcat-embed-core-9.0.35.jar:9.0.35]
	at org.apache.catalina.util.LifecycleBase.start(LifecycleBase.java:183) [tomcat-embed-core-9.0.35.jar:9.0.35]
	at org.apache.catalina.core.StandardService.startInternal(StandardService.java:421) [tomcat-embed-core-9.0.35.jar:9.0.35]
	at org.apache.catalina.util.LifecycleBase.start(LifecycleBase.java:183) [tomcat-embed-core-9.0.35.jar:9.0.35]
	at org.apache.catalina.core.StandardServer.startInternal(StandardServer.java:930) [tomcat-embed-core-9.0.35.jar:9.0.35]
	at org.apache.catalina.util.LifecycleBase.start(LifecycleBase.java:183) [tomcat-embed-core-9.0.35.jar:9.0.35]
	at org.apache.catalina.startup.Tomcat.start(Tomcat.java:468) [tomcat-embed-core-9.0.35.jar:9.0.35]
	at org.springframework.boot.web.embedded.tomcat.TomcatWebServer.initialize(TomcatWebServer.java:123) [spring-boot-2.3.0.RELEASE.jar:2.3.0.RELEASE]
	at org.springframework.boot.web.embedded.tomcat.TomcatWebServer.<init>(TomcatWebServer.java:104) [spring-boot-2.3.0.RELEASE.jar:2.3.0.RELEASE]
	at org.springframework.boot.web.embedded.tomcat.TomcatServletWebServerFactory.getTomcatWebServer(TomcatServletWebServerFactory.java:437) [spring-boot-2.3.0.RELEASE.jar:2.3.0.RELEASE]
	at org.springframework.boot.web.embedded.tomcat.TomcatServletWebServerFactory.getWebServer(TomcatServletWebServerFactory.java:191) [spring-boot-2.3.0.RELEASE.jar:2.3.0.RELEASE]
	at org.springframework.boot.web.servlet.context.ServletWebServerApplicationContext.createWebServer(ServletWebServerApplicationContext.java:176) [spring-boot-2.3.0.RELEASE.jar:2.3.0.RELEASE]
	at org.springframework.boot.web.servlet.context.ServletWebServerApplicationContext.onRefresh(ServletWebServerApplicationContext.java:158) [spring-boot-2.3.0.RELEASE.jar:2.3.0.RELEASE]
	at org.springframework.context.support.AbstractApplicationContext.refresh(AbstractApplicationContext.java:544) [spring-context-5.2.6.RELEASE.jar:5.2.6.RELEASE]
	at org.springframework.boot.web.servlet.context.ServletWebServerApplicationContext.refresh(ServletWebServerApplicationContext.java:143) [spring-boot-2.3.0.RELEASE.jar:2.3.0.RELEASE]
	at org.springframework.boot.SpringApplication.refresh(SpringApplication.java:758) [spring-boot-2.3.0.RELEASE.jar:2.3.0.RELEASE]
	at org.springframework.boot.SpringApplication.refresh(SpringApplication.java:750) [spring-boot-2.3.0.RELEASE.jar:2.3.0.RELEASE]
	at org.springframework.boot.SpringApplication.refreshContext(SpringApplication.java:397) [spring-boot-2.3.0.RELEASE.jar:2.3.0.RELEASE]
	at org.springframework.boot.SpringApplication.run(SpringApplication.java:315) [spring-boot-2.3.0.RELEASE.jar:2.3.0.RELEASE]
	at org.springframework.boot.SpringApplication.run(SpringApplication.java:1237) [spring-boot-2.3.0.RELEASE.jar:2.3.0.RELEASE]
	at org.springframework.boot.SpringApplication.run(SpringApplication.java:1226) [spring-boot-2.3.0.RELEASE.jar:2.3.0.RELEASE]
	at com.bit.FinalProjectApplication.main(FinalProjectApplication.java:9) [classes/:na]
	at sun.reflect.NativeMethodAccessorImpl.invoke0(Native Method) ~[na:1.8.0_251]
	at sun.reflect.NativeMethodAccessorImpl.invoke(Unknown Source) ~[na:1.8.0_251]
	at sun.reflect.DelegatingMethodAccessorImpl.invoke(Unknown Source) ~[na:1.8.0_251]
	at java.lang.reflect.Method.invoke(Unknown Source) ~[na:1.8.0_251]
	at org.springframework.boot.devtools.restart.RestartLauncher.run(RestartLauncher.java:49) [spring-boot-devtools-2.3.0.RELEASE.jar:2.3.0.RELEASE]

2020-06-13 02:38:00.651  WARN 4868 --- [restartedMain] o.a.tomcat.util.scan.StandardJarScanner  : Failed to scan [file:/C:/Users/witht/.m2/repository/com/oracle/ojdbc/oraclepki/19.3.0.0/osdt_core.jar] from classloader hierarchy

java.io.FileNotFoundException: C:\Users\witht\.m2\repository\com\oracle\ojdbc\oraclepki\19.3.0.0\osdt_core.jar (지정된 파일을 찾을 수 없습니다)
	at java.util.zip.ZipFile.open(Native Method) ~[na:1.8.0_251]
	at java.util.zip.ZipFile.<init>(Unknown Source) ~[na:1.8.0_251]
	at java.util.zip.ZipFile.<init>(Unknown Source) ~[na:1.8.0_251]
	at java.util.jar.JarFile.<init>(Unknown Source) ~[na:1.8.0_251]
	at java.util.jar.JarFile.<init>(Unknown Source) ~[na:1.8.0_251]
	at org.apache.tomcat.util.compat.JreCompat.jarFileNewInstance(JreCompat.java:184) ~[tomcat-embed-core-9.0.35.jar:9.0.35]
	at org.apache.tomcat.util.scan.JarFileUrlJar.<init>(JarFileUrlJar.java:65) ~[tomcat-embed-core-9.0.35.jar:9.0.35]
	at org.apache.tomcat.util.scan.JarFactory.newInstance(JarFactory.java:49) ~[tomcat-embed-core-9.0.35.jar:9.0.35]
	at org.apache.tomcat.util.scan.StandardJarScanner.process(StandardJarScanner.java:383) [tomcat-embed-core-9.0.35.jar:9.0.35]
	at org.apache.tomcat.util.scan.StandardJarScanner.processURLs(StandardJarScanner.java:318) [tomcat-embed-core-9.0.35.jar:9.0.35]
	at org.apache.tomcat.util.scan.StandardJarScanner.doScanClassPath(StandardJarScanner.java:270) [tomcat-embed-core-9.0.35.jar:9.0.35]
	at org.apache.tomcat.util.scan.StandardJarScanner.scan(StandardJarScanner.java:233) [tomcat-embed-core-9.0.35.jar:9.0.35]
	at org.apache.jasper.servlet.TldScanner.scanJars(TldScanner.java:262) [tomcat-embed-jasper-9.0.35.jar:9.0.35]
	at org.apache.jasper.servlet.TldScanner.scan(TldScanner.java:104) [tomcat-embed-jasper-9.0.35.jar:9.0.35]
	at org.apache.jasper.servlet.JasperInitializer.onStartup(JasperInitializer.java:83) [tomcat-embed-jasper-9.0.35.jar:9.0.35]
	at org.apache.catalina.core.StandardContext.startInternal(StandardContext.java:5136) [tomcat-embed-core-9.0.35.jar:9.0.35]
	at org.apache.catalina.util.LifecycleBase.start(LifecycleBase.java:183) [tomcat-embed-core-9.0.35.jar:9.0.35]
	at org.apache.catalina.core.ContainerBase$StartChild.call(ContainerBase.java:1384) [tomcat-embed-core-9.0.35.jar:9.0.35]
	at org.apache.catalina.core.ContainerBase$StartChild.call(ContainerBase.java:1374) [tomcat-embed-core-9.0.35.jar:9.0.35]
	at java.util.concurrent.FutureTask.run(Unknown Source) [na:1.8.0_251]
	at org.apache.tomcat.util.threads.InlineExecutorService.execute(InlineExecutorService.java:75) [tomcat-embed-core-9.0.35.jar:9.0.35]
	at java.util.concurrent.AbstractExecutorService.submit(Unknown Source) [na:1.8.0_251]
	at org.apache.catalina.core.ContainerBase.startInternal(ContainerBase.java:909) [tomcat-embed-core-9.0.35.jar:9.0.35]
	at org.apache.catalina.core.StandardHost.startInternal(StandardHost.java:841) [tomcat-embed-core-9.0.35.jar:9.0.35]
	at org.apache.catalina.util.LifecycleBase.start(LifecycleBase.java:183) [tomcat-embed-core-9.0.35.jar:9.0.35]
	at org.apache.catalina.core.ContainerBase$StartChild.call(ContainerBase.java:1384) [tomcat-embed-core-9.0.35.jar:9.0.35]
	at org.apache.catalina.core.ContainerBase$StartChild.call(ContainerBase.java:1374) [tomcat-embed-core-9.0.35.jar:9.0.35]
	at java.util.concurrent.FutureTask.run(Unknown Source) [na:1.8.0_251]
	at org.apache.tomcat.util.threads.InlineExecutorService.execute(InlineExecutorService.java:75) [tomcat-embed-core-9.0.35.jar:9.0.35]
	at java.util.concurrent.AbstractExecutorService.submit(Unknown Source) [na:1.8.0_251]
	at org.apache.catalina.core.ContainerBase.startInternal(ContainerBase.java:909) [tomcat-embed-core-9.0.35.jar:9.0.35]
	at org.apache.catalina.core.StandardEngine.startInternal(StandardEngine.java:262) [tomcat-embed-core-9.0.35.jar:9.0.35]
	at org.apache.catalina.util.LifecycleBase.start(LifecycleBase.java:183) [tomcat-embed-core-9.0.35.jar:9.0.35]
	at org.apache.catalina.core.StandardService.startInternal(StandardService.java:421) [tomcat-embed-core-9.0.35.jar:9.0.35]
	at org.apache.catalina.util.LifecycleBase.start(LifecycleBase.java:183) [tomcat-embed-core-9.0.35.jar:9.0.35]
	at org.apache.catalina.core.StandardServer.startInternal(StandardServer.java:930) [tomcat-embed-core-9.0.35.jar:9.0.35]
	at org.apache.catalina.util.LifecycleBase.start(LifecycleBase.java:183) [tomcat-embed-core-9.0.35.jar:9.0.35]
	at org.apache.catalina.startup.Tomcat.start(Tomcat.java:468) [tomcat-embed-core-9.0.35.jar:9.0.35]
	at org.springframework.boot.web.embedded.tomcat.TomcatWebServer.initialize(TomcatWebServer.java:123) [spring-boot-2.3.0.RELEASE.jar:2.3.0.RELEASE]
	at org.springframework.boot.web.embedded.tomcat.TomcatWebServer.<init>(TomcatWebServer.java:104) [spring-boot-2.3.0.RELEASE.jar:2.3.0.RELEASE]
	at org.springframework.boot.web.embedded.tomcat.TomcatServletWebServerFactory.getTomcatWebServer(TomcatServletWebServerFactory.java:437) [spring-boot-2.3.0.RELEASE.jar:2.3.0.RELEASE]
	at org.springframework.boot.web.embedded.tomcat.TomcatServletWebServerFactory.getWebServer(TomcatServletWebServerFactory.java:191) [spring-boot-2.3.0.RELEASE.jar:2.3.0.RELEASE]
	at org.springframework.boot.web.servlet.context.ServletWebServerApplicationContext.createWebServer(ServletWebServerApplicationContext.java:176) [spring-boot-2.3.0.RELEASE.jar:2.3.0.RELEASE]
	at org.springframework.boot.web.servlet.context.ServletWebServerApplicationContext.onRefresh(ServletWebServerApplicationContext.java:158) [spring-boot-2.3.0.RELEASE.jar:2.3.0.RELEASE]
	at org.springframework.context.support.AbstractApplicationContext.refresh(AbstractApplicationContext.java:544) [spring-context-5.2.6.RELEASE.jar:5.2.6.RELEASE]
	at org.springframework.boot.web.servlet.context.ServletWebServerApplicationContext.refresh(ServletWebServerApplicationContext.java:143) [spring-boot-2.3.0.RELEASE.jar:2.3.0.RELEASE]
	at org.springframework.boot.SpringApplication.refresh(SpringApplication.java:758) [spring-boot-2.3.0.RELEASE.jar:2.3.0.RELEASE]
	at org.springframework.boot.SpringApplication.refresh(SpringApplication.java:750) [spring-boot-2.3.0.RELEASE.jar:2.3.0.RELEASE]
	at org.springframework.boot.SpringApplication.refreshContext(SpringApplication.java:397) [spring-boot-2.3.0.RELEASE.jar:2.3.0.RELEASE]
	at org.springframework.boot.SpringApplication.run(SpringApplication.java:315) [spring-boot-2.3.0.RELEASE.jar:2.3.0.RELEASE]
	at org.springframework.boot.SpringApplication.run(SpringApplication.java:1237) [spring-boot-2.3.0.RELEASE.jar:2.3.0.RELEASE]
	at org.springframework.boot.SpringApplication.run(SpringApplication.java:1226) [spring-boot-2.3.0.RELEASE.jar:2.3.0.RELEASE]
	at com.bit.FinalProjectApplication.main(FinalProjectApplication.java:9) [classes/:na]
	at sun.reflect.NativeMethodAccessorImpl.invoke0(Native Method) ~[na:1.8.0_251]
	at sun.reflect.NativeMethodAccessorImpl.invoke(Unknown Source) ~[na:1.8.0_251]
	at sun.reflect.DelegatingMethodAccessorImpl.invoke(Unknown Source) ~[na:1.8.0_251]
	at java.lang.reflect.Method.invoke(Unknown Source) ~[na:1.8.0_251]
	at org.springframework.boot.devtools.restart.RestartLauncher.run(RestartLauncher.java:49) [spring-boot-devtools-2.3.0.RELEASE.jar:2.3.0.RELEASE]

2020-06-13 02:38:00.652  WARN 4868 --- [restartedMain] o.a.tomcat.util.scan.StandardJarScanner  : Failed to scan [file:/C:/Users/witht/.m2/repository/com/oracle/ojdbc/oraclepki/19.3.0.0/osdt_cert.jar] from classloader hierarchy

java.io.FileNotFoundException: C:\Users\witht\.m2\repository\com\oracle\ojdbc\oraclepki\19.3.0.0\osdt_cert.jar (지정된 파일을 찾을 수 없습니다)
	at java.util.zip.ZipFile.open(Native Method) ~[na:1.8.0_251]
	at java.util.zip.ZipFile.<init>(Unknown Source) ~[na:1.8.0_251]
	at java.util.zip.ZipFile.<init>(Unknown Source) ~[na:1.8.0_251]
	at java.util.jar.JarFile.<init>(Unknown Source) ~[na:1.8.0_251]
	at java.util.jar.JarFile.<init>(Unknown Source) ~[na:1.8.0_251]
	at org.apache.tomcat.util.compat.JreCompat.jarFileNewInstance(JreCompat.java:184) ~[tomcat-embed-core-9.0.35.jar:9.0.35]
	at org.apache.tomcat.util.scan.JarFileUrlJar.<init>(JarFileUrlJar.java:65) ~[tomcat-embed-core-9.0.35.jar:9.0.35]
	at org.apache.tomcat.util.scan.JarFactory.newInstance(JarFactory.java:49) ~[tomcat-embed-core-9.0.35.jar:9.0.35]
	at org.apache.tomcat.util.scan.StandardJarScanner.process(StandardJarScanner.java:383) [tomcat-embed-core-9.0.35.jar:9.0.35]
	at org.apache.tomcat.util.scan.StandardJarScanner.processURLs(StandardJarScanner.java:318) [tomcat-embed-core-9.0.35.jar:9.0.35]
	at org.apache.tomcat.util.scan.StandardJarScanner.doScanClassPath(StandardJarScanner.java:270) [tomcat-embed-core-9.0.35.jar:9.0.35]
	at org.apache.tomcat.util.scan.StandardJarScanner.scan(StandardJarScanner.java:233) [tomcat-embed-core-9.0.35.jar:9.0.35]
	at org.apache.jasper.servlet.TldScanner.scanJars(TldScanner.java:262) [tomcat-embed-jasper-9.0.35.jar:9.0.35]
	at org.apache.jasper.servlet.TldScanner.scan(TldScanner.java:104) [tomcat-embed-jasper-9.0.35.jar:9.0.35]
	at org.apache.jasper.servlet.JasperInitializer.onStartup(JasperInitializer.java:83) [tomcat-embed-jasper-9.0.35.jar:9.0.35]
	at org.apache.catalina.core.StandardContext.startInternal(StandardContext.java:5136) [tomcat-embed-core-9.0.35.jar:9.0.35]
	at org.apache.catalina.util.LifecycleBase.start(LifecycleBase.java:183) [tomcat-embed-core-9.0.35.jar:9.0.35]
	at org.apache.catalina.core.ContainerBase$StartChild.call(ContainerBase.java:1384) [tomcat-embed-core-9.0.35.jar:9.0.35]
	at org.apache.catalina.core.ContainerBase$StartChild.call(ContainerBase.java:1374) [tomcat-embed-core-9.0.35.jar:9.0.35]
	at java.util.concurrent.FutureTask.run(Unknown Source) [na:1.8.0_251]
	at org.apache.tomcat.util.threads.InlineExecutorService.execute(InlineExecutorService.java:75) [tomcat-embed-core-9.0.35.jar:9.0.35]
	at java.util.concurrent.AbstractExecutorService.submit(Unknown Source) [na:1.8.0_251]
	at org.apache.catalina.core.ContainerBase.startInternal(ContainerBase.java:909) [tomcat-embed-core-9.0.35.jar:9.0.35]
	at org.apache.catalina.core.StandardHost.startInternal(StandardHost.java:841) [tomcat-embed-core-9.0.35.jar:9.0.35]
	at org.apache.catalina.util.LifecycleBase.start(LifecycleBase.java:183) [tomcat-embed-core-9.0.35.jar:9.0.35]
	at org.apache.catalina.core.ContainerBase$StartChild.call(ContainerBase.java:1384) [tomcat-embed-core-9.0.35.jar:9.0.35]
	at org.apache.catalina.core.ContainerBase$StartChild.call(ContainerBase.java:1374) [tomcat-embed-core-9.0.35.jar:9.0.35]
	at java.util.concurrent.FutureTask.run(Unknown Source) [na:1.8.0_251]
	at org.apache.tomcat.util.threads.InlineExecutorService.execute(InlineExecutorService.java:75) [tomcat-embed-core-9.0.35.jar:9.0.35]
	at java.util.concurrent.AbstractExecutorService.submit(Unknown Source) [na:1.8.0_251]
	at org.apache.catalina.core.ContainerBase.startInternal(ContainerBase.java:909) [tomcat-embed-core-9.0.35.jar:9.0.35]
	at org.apache.catalina.core.StandardEngine.startInternal(StandardEngine.java:262) [tomcat-embed-core-9.0.35.jar:9.0.35]
	at org.apache.catalina.util.LifecycleBase.start(LifecycleBase.java:183) [tomcat-embed-core-9.0.35.jar:9.0.35]
	at org.apache.catalina.core.StandardService.startInternal(StandardService.java:421) [tomcat-embed-core-9.0.35.jar:9.0.35]
	at org.apache.catalina.util.LifecycleBase.start(LifecycleBase.java:183) [tomcat-embed-core-9.0.35.jar:9.0.35]
	at org.apache.catalina.core.StandardServer.startInternal(StandardServer.java:930) [tomcat-embed-core-9.0.35.jar:9.0.35]
	at org.apache.catalina.util.LifecycleBase.start(LifecycleBase.java:183) [tomcat-embed-core-9.0.35.jar:9.0.35]
	at org.apache.catalina.startup.Tomcat.start(Tomcat.java:468) [tomcat-embed-core-9.0.35.jar:9.0.35]
	at org.springframework.boot.web.embedded.tomcat.TomcatWebServer.initialize(TomcatWebServer.java:123) [spring-boot-2.3.0.RELEASE.jar:2.3.0.RELEASE]
	at org.springframework.boot.web.embedded.tomcat.TomcatWebServer.<init>(TomcatWebServer.java:104) [spring-boot-2.3.0.RELEASE.jar:2.3.0.RELEASE]
	at org.springframework.boot.web.embedded.tomcat.TomcatServletWebServerFactory.getTomcatWebServer(TomcatServletWebServerFactory.java:437) [spring-boot-2.3.0.RELEASE.jar:2.3.0.RELEASE]
	at org.springframework.boot.web.embedded.tomcat.TomcatServletWebServerFactory.getWebServer(TomcatServletWebServerFactory.java:191) [spring-boot-2.3.0.RELEASE.jar:2.3.0.RELEASE]
	at org.springframework.boot.web.servlet.context.ServletWebServerApplicationContext.createWebServer(ServletWebServerApplicationContext.java:176) [spring-boot-2.3.0.RELEASE.jar:2.3.0.RELEASE]
	at org.springframework.boot.web.servlet.context.ServletWebServerApplicationContext.onRefresh(ServletWebServerApplicationContext.java:158) [spring-boot-2.3.0.RELEASE.jar:2.3.0.RELEASE]
	at org.springframework.context.support.AbstractApplicationContext.refresh(AbstractApplicationContext.java:544) [spring-context-5.2.6.RELEASE.jar:5.2.6.RELEASE]
	at org.springframework.boot.web.servlet.context.ServletWebServerApplicationContext.refresh(ServletWebServerApplicationContext.java:143) [spring-boot-2.3.0.RELEASE.jar:2.3.0.RELEASE]
	at org.springframework.boot.SpringApplication.refresh(SpringApplication.java:758) [spring-boot-2.3.0.RELEASE.jar:2.3.0.RELEASE]
	at org.springframework.boot.SpringApplication.refresh(SpringApplication.java:750) [spring-boot-2.3.0.RELEASE.jar:2.3.0.RELEASE]
	at org.springframework.boot.SpringApplication.refreshContext(SpringApplication.java:397) [spring-boot-2.3.0.RELEASE.jar:2.3.0.RELEASE]
	at org.springframework.boot.SpringApplication.run(SpringApplication.java:315) [spring-boot-2.3.0.RELEASE.jar:2.3.0.RELEASE]
	at org.springframework.boot.SpringApplication.run(SpringApplication.java:1237) [spring-boot-2.3.0.RELEASE.jar:2.3.0.RELEASE]
	at org.springframework.boot.SpringApplication.run(SpringApplication.java:1226) [spring-boot-2.3.0.RELEASE.jar:2.3.0.RELEASE]
	at com.bit.FinalProjectApplication.main(FinalProjectApplication.java:9) [classes/:na]
	at sun.reflect.NativeMethodAccessorImpl.invoke0(Native Method) ~[na:1.8.0_251]
	at sun.reflect.NativeMethodAccessorImpl.invoke(Unknown Source) ~[na:1.8.0_251]
	at sun.reflect.DelegatingMethodAccessorImpl.invoke(Unknown Source) ~[na:1.8.0_251]
	at java.lang.reflect.Method.invoke(Unknown Source) ~[na:1.8.0_251]
	at org.springframework.boot.devtools.restart.RestartLauncher.run(RestartLauncher.java:49) [spring-boot-devtools-2.3.0.RELEASE.jar:2.3.0.RELEASE]

2020-06-13 02:38:00.653  WARN 4868 --- [restartedMain] o.a.tomcat.util.scan.StandardJarScanner  : Failed to scan [file:/C:/Users/witht/.m2/repository/com/oracle/ojdbc/oraclepki/oracle.osdt/osdt_core.jar] from classloader hierarchy

java.io.FileNotFoundException: C:\Users\witht\.m2\repository\com\oracle\ojdbc\oraclepki\oracle.osdt\osdt_core.jar (지정된 경로를 찾을 수 없습니다)
	at java.util.zip.ZipFile.open(Native Method) ~[na:1.8.0_251]
	at java.util.zip.ZipFile.<init>(Unknown Source) ~[na:1.8.0_251]
	at java.util.zip.ZipFile.<init>(Unknown Source) ~[na:1.8.0_251]
	at java.util.jar.JarFile.<init>(Unknown Source) ~[na:1.8.0_251]
	at java.util.jar.JarFile.<init>(Unknown Source) ~[na:1.8.0_251]
	at org.apache.tomcat.util.compat.JreCompat.jarFileNewInstance(JreCompat.java:184) ~[tomcat-embed-core-9.0.35.jar:9.0.35]
	at org.apache.tomcat.util.scan.JarFileUrlJar.<init>(JarFileUrlJar.java:65) ~[tomcat-embed-core-9.0.35.jar:9.0.35]
	at org.apache.tomcat.util.scan.JarFactory.newInstance(JarFactory.java:49) ~[tomcat-embed-core-9.0.35.jar:9.0.35]
	at org.apache.tomcat.util.scan.StandardJarScanner.process(StandardJarScanner.java:383) [tomcat-embed-core-9.0.35.jar:9.0.35]
	at org.apache.tomcat.util.scan.StandardJarScanner.processURLs(StandardJarScanner.java:318) [tomcat-embed-core-9.0.35.jar:9.0.35]
	at org.apache.tomcat.util.scan.StandardJarScanner.doScanClassPath(StandardJarScanner.java:270) [tomcat-embed-core-9.0.35.jar:9.0.35]
	at org.apache.tomcat.util.scan.StandardJarScanner.scan(StandardJarScanner.java:233) [tomcat-embed-core-9.0.35.jar:9.0.35]
	at org.apache.jasper.servlet.TldScanner.scanJars(TldScanner.java:262) [tomcat-embed-jasper-9.0.35.jar:9.0.35]
	at org.apache.jasper.servlet.TldScanner.scan(TldScanner.java:104) [tomcat-embed-jasper-9.0.35.jar:9.0.35]
	at org.apache.jasper.servlet.JasperInitializer.onStartup(JasperInitializer.java:83) [tomcat-embed-jasper-9.0.35.jar:9.0.35]
	at org.apache.catalina.core.StandardContext.startInternal(StandardContext.java:5136) [tomcat-embed-core-9.0.35.jar:9.0.35]
	at org.apache.catalina.util.LifecycleBase.start(LifecycleBase.java:183) [tomcat-embed-core-9.0.35.jar:9.0.35]
	at org.apache.catalina.core.ContainerBase$StartChild.call(ContainerBase.java:1384) [tomcat-embed-core-9.0.35.jar:9.0.35]
	at org.apache.catalina.core.ContainerBase$StartChild.call(ContainerBase.java:1374) [tomcat-embed-core-9.0.35.jar:9.0.35]
	at java.util.concurrent.FutureTask.run(Unknown Source) [na:1.8.0_251]
	at org.apache.tomcat.util.threads.InlineExecutorService.execute(InlineExecutorService.java:75) [tomcat-embed-core-9.0.35.jar:9.0.35]
	at java.util.concurrent.AbstractExecutorService.submit(Unknown Source) [na:1.8.0_251]
	at org.apache.catalina.core.ContainerBase.startInternal(ContainerBase.java:909) [tomcat-embed-core-9.0.35.jar:9.0.35]
	at org.apache.catalina.core.StandardHost.startInternal(StandardHost.java:841) [tomcat-embed-core-9.0.35.jar:9.0.35]
	at org.apache.catalina.util.LifecycleBase.start(LifecycleBase.java:183) [tomcat-embed-core-9.0.35.jar:9.0.35]
	at org.apache.catalina.core.ContainerBase$StartChild.call(ContainerBase.java:1384) [tomcat-embed-core-9.0.35.jar:9.0.35]
	at org.apache.catalina.core.ContainerBase$StartChild.call(ContainerBase.java:1374) [tomcat-embed-core-9.0.35.jar:9.0.35]
	at java.util.concurrent.FutureTask.run(Unknown Source) [na:1.8.0_251]
	at org.apache.tomcat.util.threads.InlineExecutorService.execute(InlineExecutorService.java:75) [tomcat-embed-core-9.0.35.jar:9.0.35]
	at java.util.concurrent.AbstractExecutorService.submit(Unknown Source) [na:1.8.0_251]
	at org.apache.catalina.core.ContainerBase.startInternal(ContainerBase.java:909) [tomcat-embed-core-9.0.35.jar:9.0.35]
	at org.apache.catalina.core.StandardEngine.startInternal(StandardEngine.java:262) [tomcat-embed-core-9.0.35.jar:9.0.35]
	at org.apache.catalina.util.LifecycleBase.start(LifecycleBase.java:183) [tomcat-embed-core-9.0.35.jar:9.0.35]
	at org.apache.catalina.core.StandardService.startInternal(StandardService.java:421) [tomcat-embed-core-9.0.35.jar:9.0.35]
	at org.apache.catalina.util.LifecycleBase.start(LifecycleBase.java:183) [tomcat-embed-core-9.0.35.jar:9.0.35]
	at org.apache.catalina.core.StandardServer.startInternal(StandardServer.java:930) [tomcat-embed-core-9.0.35.jar:9.0.35]
	at org.apache.catalina.util.LifecycleBase.start(LifecycleBase.java:183) [tomcat-embed-core-9.0.35.jar:9.0.35]
	at org.apache.catalina.startup.Tomcat.start(Tomcat.java:468) [tomcat-embed-core-9.0.35.jar:9.0.35]
	at org.springframework.boot.web.embedded.tomcat.TomcatWebServer.initialize(TomcatWebServer.java:123) [spring-boot-2.3.0.RELEASE.jar:2.3.0.RELEASE]
	at org.springframework.boot.web.embedded.tomcat.TomcatWebServer.<init>(TomcatWebServer.java:104) [spring-boot-2.3.0.RELEASE.jar:2.3.0.RELEASE]
	at org.springframework.boot.web.embedded.tomcat.TomcatServletWebServerFactory.getTomcatWebServer(TomcatServletWebServerFactory.java:437) [spring-boot-2.3.0.RELEASE.jar:2.3.0.RELEASE]
	at org.springframework.boot.web.embedded.tomcat.TomcatServletWebServerFactory.getWebServer(TomcatServletWebServerFactory.java:191) [spring-boot-2.3.0.RELEASE.jar:2.3.0.RELEASE]
	at org.springframework.boot.web.servlet.context.ServletWebServerApplicationContext.createWebServer(ServletWebServerApplicationContext.java:176) [spring-boot-2.3.0.RELEASE.jar:2.3.0.RELEASE]
	at org.springframework.boot.web.servlet.context.ServletWebServerApplicationContext.onRefresh(ServletWebServerApplicationContext.java:158) [spring-boot-2.3.0.RELEASE.jar:2.3.0.RELEASE]
	at org.springframework.context.support.AbstractApplicationContext.refresh(AbstractApplicationContext.java:544) [spring-context-5.2.6.RELEASE.jar:5.2.6.RELEASE]
	at org.springframework.boot.web.servlet.context.ServletWebServerApplicationContext.refresh(ServletWebServerApplicationContext.java:143) [spring-boot-2.3.0.RELEASE.jar:2.3.0.RELEASE]
	at org.springframework.boot.SpringApplication.refresh(SpringApplication.java:758) [spring-boot-2.3.0.RELEASE.jar:2.3.0.RELEASE]
	at org.springframework.boot.SpringApplication.refresh(SpringApplication.java:750) [spring-boot-2.3.0.RELEASE.jar:2.3.0.RELEASE]
	at org.springframework.boot.SpringApplication.refreshContext(SpringApplication.java:397) [spring-boot-2.3.0.RELEASE.jar:2.3.0.RELEASE]
	at org.springframework.boot.SpringApplication.run(SpringApplication.java:315) [spring-boot-2.3.0.RELEASE.jar:2.3.0.RELEASE]
	at org.springframework.boot.SpringApplication.run(SpringApplication.java:1237) [spring-boot-2.3.0.RELEASE.jar:2.3.0.RELEASE]
	at org.springframework.boot.SpringApplication.run(SpringApplication.java:1226) [spring-boot-2.3.0.RELEASE.jar:2.3.0.RELEASE]
	at com.bit.FinalProjectApplication.main(FinalProjectApplication.java:9) [classes/:na]
	at sun.reflect.NativeMethodAccessorImpl.invoke0(Native Method) ~[na:1.8.0_251]
	at sun.reflect.NativeMethodAccessorImpl.invoke(Unknown Source) ~[na:1.8.0_251]
	at sun.reflect.DelegatingMethodAccessorImpl.invoke(Unknown Source) ~[na:1.8.0_251]
	at java.lang.reflect.Method.invoke(Unknown Source) ~[na:1.8.0_251]
	at org.springframework.boot.devtools.restart.RestartLauncher.run(RestartLauncher.java:49) [spring-boot-devtools-2.3.0.RELEASE.jar:2.3.0.RELEASE]

2020-06-13 02:38:00.654  WARN 4868 --- [restartedMain] o.a.tomcat.util.scan.StandardJarScanner  : Failed to scan [file:/C:/Users/witht/.m2/repository/com/oracle/ojdbc/oraclepki/oracle.osdt/osdt_cert.jar] from classloader hierarchy

java.io.FileNotFoundException: C:\Users\witht\.m2\repository\com\oracle\ojdbc\oraclepki\oracle.osdt\osdt_cert.jar (지정된 경로를 찾을 수 없습니다)
	at java.util.zip.ZipFile.open(Native Method) ~[na:1.8.0_251]
	at java.util.zip.ZipFile.<init>(Unknown Source) ~[na:1.8.0_251]
	at java.util.zip.ZipFile.<init>(Unknown Source) ~[na:1.8.0_251]
	at java.util.jar.JarFile.<init>(Unknown Source) ~[na:1.8.0_251]
	at java.util.jar.JarFile.<init>(Unknown Source) ~[na:1.8.0_251]
	at org.apache.tomcat.util.compat.JreCompat.jarFileNewInstance(JreCompat.java:184) ~[tomcat-embed-core-9.0.35.jar:9.0.35]
	at org.apache.tomcat.util.scan.JarFileUrlJar.<init>(JarFileUrlJar.java:65) ~[tomcat-embed-core-9.0.35.jar:9.0.35]
	at org.apache.tomcat.util.scan.JarFactory.newInstance(JarFactory.java:49) ~[tomcat-embed-core-9.0.35.jar:9.0.35]
	at org.apache.tomcat.util.scan.StandardJarScanner.process(StandardJarScanner.java:383) [tomcat-embed-core-9.0.35.jar:9.0.35]
	at org.apache.tomcat.util.scan.StandardJarScanner.processURLs(StandardJarScanner.java:318) [tomcat-embed-core-9.0.35.jar:9.0.35]
	at org.apache.tomcat.util.scan.StandardJarScanner.doScanClassPath(StandardJarScanner.java:270) [tomcat-embed-core-9.0.35.jar:9.0.35]
	at org.apache.tomcat.util.scan.StandardJarScanner.scan(StandardJarScanner.java:233) [tomcat-embed-core-9.0.35.jar:9.0.35]
	at org.apache.jasper.servlet.TldScanner.scanJars(TldScanner.java:262) [tomcat-embed-jasper-9.0.35.jar:9.0.35]
	at org.apache.jasper.servlet.TldScanner.scan(TldScanner.java:104) [tomcat-embed-jasper-9.0.35.jar:9.0.35]
	at org.apache.jasper.servlet.JasperInitializer.onStartup(JasperInitializer.java:83) [tomcat-embed-jasper-9.0.35.jar:9.0.35]
	at org.apache.catalina.core.StandardContext.startInternal(StandardContext.java:5136) [tomcat-embed-core-9.0.35.jar:9.0.35]
	at org.apache.catalina.util.LifecycleBase.start(LifecycleBase.java:183) [tomcat-embed-core-9.0.35.jar:9.0.35]
	at org.apache.catalina.core.ContainerBase$StartChild.call(ContainerBase.java:1384) [tomcat-embed-core-9.0.35.jar:9.0.35]
	at org.apache.catalina.core.ContainerBase$StartChild.call(ContainerBase.java:1374) [tomcat-embed-core-9.0.35.jar:9.0.35]
	at java.util.concurrent.FutureTask.run(Unknown Source) [na:1.8.0_251]
	at org.apache.tomcat.util.threads.InlineExecutorService.execute(InlineExecutorService.java:75) [tomcat-embed-core-9.0.35.jar:9.0.35]
	at java.util.concurrent.AbstractExecutorService.submit(Unknown Source) [na:1.8.0_251]
	at org.apache.catalina.core.ContainerBase.startInternal(ContainerBase.java:909) [tomcat-embed-core-9.0.35.jar:9.0.35]
	at org.apache.catalina.core.StandardHost.startInternal(StandardHost.java:841) [tomcat-embed-core-9.0.35.jar:9.0.35]
	at org.apache.catalina.util.LifecycleBase.start(LifecycleBase.java:183) [tomcat-embed-core-9.0.35.jar:9.0.35]
	at org.apache.catalina.core.ContainerBase$StartChild.call(ContainerBase.java:1384) [tomcat-embed-core-9.0.35.jar:9.0.35]
	at org.apache.catalina.core.ContainerBase$StartChild.call(ContainerBase.java:1374) [tomcat-embed-core-9.0.35.jar:9.0.35]
	at java.util.concurrent.FutureTask.run(Unknown Source) [na:1.8.0_251]
	at org.apache.tomcat.util.threads.InlineExecutorService.execute(InlineExecutorService.java:75) [tomcat-embed-core-9.0.35.jar:9.0.35]
	at java.util.concurrent.AbstractExecutorService.submit(Unknown Source) [na:1.8.0_251]
	at org.apache.catalina.core.ContainerBase.startInternal(ContainerBase.java:909) [tomcat-embed-core-9.0.35.jar:9.0.35]
	at org.apache.catalina.core.StandardEngine.startInternal(StandardEngine.java:262) [tomcat-embed-core-9.0.35.jar:9.0.35]
	at org.apache.catalina.util.LifecycleBase.start(LifecycleBase.java:183) [tomcat-embed-core-9.0.35.jar:9.0.35]
	at org.apache.catalina.core.StandardService.startInternal(StandardService.java:421) [tomcat-embed-core-9.0.35.jar:9.0.35]
	at org.apache.catalina.util.LifecycleBase.start(LifecycleBase.java:183) [tomcat-embed-core-9.0.35.jar:9.0.35]
	at org.apache.catalina.core.StandardServer.startInternal(StandardServer.java:930) [tomcat-embed-core-9.0.35.jar:9.0.35]
	at org.apache.catalina.util.LifecycleBase.start(LifecycleBase.java:183) [tomcat-embed-core-9.0.35.jar:9.0.35]
	at org.apache.catalina.startup.Tomcat.start(Tomcat.java:468) [tomcat-embed-core-9.0.35.jar:9.0.35]
	at org.springframework.boot.web.embedded.tomcat.TomcatWebServer.initialize(TomcatWebServer.java:123) [spring-boot-2.3.0.RELEASE.jar:2.3.0.RELEASE]
	at org.springframework.boot.web.embedded.tomcat.TomcatWebServer.<init>(TomcatWebServer.java:104) [spring-boot-2.3.0.RELEASE.jar:2.3.0.RELEASE]
	at org.springframework.boot.web.embedded.tomcat.TomcatServletWebServerFactory.getTomcatWebServer(TomcatServletWebServerFactory.java:437) [spring-boot-2.3.0.RELEASE.jar:2.3.0.RELEASE]
	at org.springframework.boot.web.embedded.tomcat.TomcatServletWebServerFactory.getWebServer(TomcatServletWebServerFactory.java:191) [spring-boot-2.3.0.RELEASE.jar:2.3.0.RELEASE]
	at org.springframework.boot.web.servlet.context.ServletWebServerApplicationContext.createWebServer(ServletWebServerApplicationContext.java:176) [spring-boot-2.3.0.RELEASE.jar:2.3.0.RELEASE]
	at org.springframework.boot.web.servlet.context.ServletWebServerApplicationContext.onRefresh(ServletWebServerApplicationContext.java:158) [spring-boot-2.3.0.RELEASE.jar:2.3.0.RELEASE]
	at org.springframework.context.support.AbstractApplicationContext.refresh(AbstractApplicationContext.java:544) [spring-context-5.2.6.RELEASE.jar:5.2.6.RELEASE]
	at org.springframework.boot.web.servlet.context.ServletWebServerApplicationContext.refresh(ServletWebServerApplicationContext.java:143) [spring-boot-2.3.0.RELEASE.jar:2.3.0.RELEASE]
	at org.springframework.boot.SpringApplication.refresh(SpringApplication.java:758) [spring-boot-2.3.0.RELEASE.jar:2.3.0.RELEASE]
	at org.springframework.boot.SpringApplication.refresh(SpringApplication.java:750) [spring-boot-2.3.0.RELEASE.jar:2.3.0.RELEASE]
	at org.springframework.boot.SpringApplication.refreshContext(SpringApplication.java:397) [spring-boot-2.3.0.RELEASE.jar:2.3.0.RELEASE]
	at org.springframework.boot.SpringApplication.run(SpringApplication.java:315) [spring-boot-2.3.0.RELEASE.jar:2.3.0.RELEASE]
	at org.springframework.boot.SpringApplication.run(SpringApplication.java:1237) [spring-boot-2.3.0.RELEASE.jar:2.3.0.RELEASE]
	at org.springframework.boot.SpringApplication.run(SpringApplication.java:1226) [spring-boot-2.3.0.RELEASE.jar:2.3.0.RELEASE]
	at com.bit.FinalProjectApplication.main(FinalProjectApplication.java:9) [classes/:na]
	at sun.reflect.NativeMethodAccessorImpl.invoke0(Native Method) ~[na:1.8.0_251]
	at sun.reflect.NativeMethodAccessorImpl.invoke(Unknown Source) ~[na:1.8.0_251]
	at sun.reflect.DelegatingMethodAccessorImpl.invoke(Unknown Source) ~[na:1.8.0_251]
	at java.lang.reflect.Method.invoke(Unknown Source) ~[na:1.8.0_251]
	at org.springframework.boot.devtools.restart.RestartLauncher.run(RestartLauncher.java:49) [spring-boot-devtools-2.3.0.RELEASE.jar:2.3.0.RELEASE]

2020-06-13 02:38:00.654  INFO 4868 --- [restartedMain] org.apache.jasper.servlet.TldScanner     : At least one JAR was scanned for TLDs yet contained no TLDs. Enable debug logging for this logger for a complete list of JARs that were scanned but no TLDs were found in them. Skipping unneeded JARs during scanning can improve startup time and JSP compilation time.
2020-06-13 02:38:00.656  INFO 4868 --- [restartedMain] o.a.c.c.C.[Tomcat-2].[localhost].[/]     : Initializing Spring embedded WebApplicationContext
2020-06-13 02:38:00.657  INFO 4868 --- [restartedMain] o.s.web.context.ContextLoader            : Root WebApplicationContext: initialization completed in 424 ms
2020-06-13 02:38:00.748  INFO 4868 --- [restartedMain] com.bit.security.SecurityConfig          : ========= AuthenticationManagerBuilder =========
2020-06-13 02:38:00.750  INFO 4868 --- [restartedMain] com.bit.security.SecurityConfig          : ========= 시큐리티  =========
2020-06-13 02:38:00.758  INFO 4868 --- [restartedMain] o.s.s.web.DefaultSecurityFilterChain     : Creating filter chain: any request, [org.springframework.security.web.context.request.async.WebAsyncManagerIntegrationFilter@32f8a304, org.springframework.security.web.context.SecurityContextPersistenceFilter@255d00bd, org.springframework.security.web.header.HeaderWriterFilter@44f9e93e, org.springframework.security.web.csrf.CsrfFilter@459a8fa6, org.springframework.security.web.authentication.logout.LogoutFilter@bf42a85, org.springframework.security.web.authentication.UsernamePasswordAuthenticationFilter@1ab00c43, org.springframework.security.web.savedrequest.RequestCacheAwareFilter@23eea62b, org.springframework.security.web.servletapi.SecurityContextHolderAwareRequestFilter@28551b71, org.springframework.security.web.authentication.AnonymousAuthenticationFilter@65d9be07, org.springframework.security.web.session.SessionManagementFilter@342b5e21, org.springframework.security.web.access.ExceptionTranslationFilter@600cd73a, org.springframework.security.web.access.intercept.FilterSecurityInterceptor@4d8e704d]
2020-06-13 02:38:00.770  INFO 4868 --- [restartedMain] o.s.s.concurrent.ThreadPoolTaskExecutor  : Initializing ExecutorService 'clientInboundChannelExecutor'
2020-06-13 02:38:00.771  INFO 4868 --- [restartedMain] o.s.s.concurrent.ThreadPoolTaskExecutor  : Initializing ExecutorService 'clientOutboundChannelExecutor'
2020-06-13 02:38:00.772  INFO 4868 --- [restartedMain] o.s.s.c.ThreadPoolTaskScheduler          : Initializing ExecutorService 'messageBrokerTaskScheduler'
2020-06-13 02:38:00.775  INFO 4868 --- [restartedMain] o.s.s.concurrent.ThreadPoolTaskExecutor  : Initializing ExecutorService 'brokerChannelExecutor'
2020-06-13 02:38:00.899  WARN 4868 --- [restartedMain] ion$DefaultTemplateResolverConfiguration : Cannot find template location: classpath:/templates/ (please add some templates or check your Thymeleaf configuration)
2020-06-13 02:38:00.932  INFO 4868 --- [restartedMain] o.s.b.d.a.OptionalLiveReloadServer       : LiveReload server is running on port 35729
2020-06-13 02:38:00.943  INFO 4868 --- [restartedMain] o.s.b.w.embedded.tomcat.TomcatWebServer  : Tomcat started on port(s): 80 (http) with context path ''
2020-06-13 02:38:00.943  INFO 4868 --- [restartedMain] o.s.m.s.b.SimpleBrokerMessageHandler     : Starting...
2020-06-13 02:38:00.943  INFO 4868 --- [restartedMain] o.s.m.s.b.SimpleBrokerMessageHandler     : BrokerAvailabilityEvent[available=true, SimpleBrokerMessageHandler [DefaultSubscriptionRegistry[cache[0 destination(s)], registry[0 sessions]]]]
2020-06-13 02:38:00.944  INFO 4868 --- [restartedMain] o.s.m.s.b.SimpleBrokerMessageHandler     : Started.
2020-06-13 02:38:00.946  INFO 4868 --- [restartedMain] com.bit.FinalProjectApplication          : Started FinalProjectApplication in 0.746 seconds (JVM running for 1435.071)
2020-06-13 02:38:00.947  INFO 4868 --- [restartedMain] .ConditionEvaluationDeltaLoggingListener : Condition evaluation unchanged
2020-06-13 02:38:03.338  INFO 4868 --- [Thread-1378] o.s.m.s.b.SimpleBrokerMessageHandler     : Stopping...
2020-06-13 02:38:03.339  INFO 4868 --- [Thread-1378] o.s.m.s.b.SimpleBrokerMessageHandler     : BrokerAvailabilityEvent[available=false, SimpleBrokerMessageHandler [DefaultSubscriptionRegistry[cache[0 destination(s)], registry[0 sessions]]]]
2020-06-13 02:38:03.339  INFO 4868 --- [Thread-1378] o.s.m.s.b.SimpleBrokerMessageHandler     : Stopped.
2020-06-13 02:38:03.460  INFO 4868 --- [Thread-1378] o.s.s.concurrent.ThreadPoolTaskExecutor  : Shutting down ExecutorService 'brokerChannelExecutor'
2020-06-13 02:38:03.461  INFO 4868 --- [Thread-1378] o.s.s.c.ThreadPoolTaskScheduler          : Shutting down ExecutorService 'messageBrokerTaskScheduler'
2020-06-13 02:38:03.461  INFO 4868 --- [Thread-1378] o.s.s.concurrent.ThreadPoolTaskExecutor  : Shutting down ExecutorService 'clientOutboundChannelExecutor'
2020-06-13 02:38:03.461  INFO 4868 --- [Thread-1378] o.s.s.concurrent.ThreadPoolTaskExecutor  : Shutting down ExecutorService 'clientInboundChannelExecutor'
