2020-06-30 10:20:26.856  INFO 4064 --- [restartedMain] com.bit.FinalProjectApplication          : Starting FinalProjectApplication on DESKTOP-C873MIJ with PID 4064 (C:\git_start\FinalProject\target\classes started by dustn in C:\git_start\FinalProject)
2020-06-30 10:20:26.886  INFO 4064 --- [restartedMain] com.bit.FinalProjectApplication          : No active profile set, falling back to default profiles: default
2020-06-30 10:20:30.059  INFO 4064 --- [restartedMain] faultConfiguringBeanFactoryPostProcessor : No bean named 'errorChannel' has been explicitly defined. Therefore, a default PublishSubscribeChannel will be created.
2020-06-30 10:20:30.061  INFO 4064 --- [restartedMain] faultConfiguringBeanFactoryPostProcessor : No bean named 'taskScheduler' has been explicitly defined. Therefore, a default ThreadPoolTaskScheduler will be created.
2020-06-30 10:20:30.068  INFO 4064 --- [restartedMain] faultConfiguringBeanFactoryPostProcessor : No bean named 'integrationHeaderChannelRegistry' has been explicitly defined. Therefore, a default DefaultHeaderChannelRegistry will be created.
2020-06-30 10:20:30.108  INFO 4064 --- [restartedMain] trationDelegate$BeanPostProcessorChecker : Bean 'org.springframework.integration.config.IntegrationManagementConfiguration' of type [org.springframework.integration.config.IntegrationManagementConfiguration] is not eligible for getting processed by all BeanPostProcessors (for example: not eligible for auto-proxying)
2020-06-30 10:20:30.121  INFO 4064 --- [restartedMain] trationDelegate$BeanPostProcessorChecker : Bean 'integrationChannelResolver' of type [org.springframework.integration.support.channel.BeanFactoryChannelResolver] is not eligible for getting processed by all BeanPostProcessors (for example: not eligible for auto-proxying)
2020-06-30 10:20:30.122  INFO 4064 --- [restartedMain] trationDelegate$BeanPostProcessorChecker : Bean 'integrationDisposableAutoCreatedBeans' of type [org.springframework.integration.config.annotation.Disposables] is not eligible for getting processed by all BeanPostProcessors (for example: not eligible for auto-proxying)
2020-06-30 10:20:30.591  INFO 4064 --- [restartedMain] o.s.b.w.embedded.tomcat.TomcatWebServer  : Tomcat initialized with port(s): 80 (http)
2020-06-30 10:20:30.593  INFO 4064 --- [restartedMain] o.apache.catalina.core.StandardService   : Starting service [Tomcat]
2020-06-30 10:20:30.593  INFO 4064 --- [restartedMain] org.apache.catalina.core.StandardEngine  : Starting Servlet engine: [Apache Tomcat/9.0.35]
2020-06-30 10:20:30.679  INFO 4064 --- [restartedMain] o.a.c.c.C.[Tomcat-1].[localhost].[/]     : Initializing Spring embedded WebApplicationContext
2020-06-30 10:20:30.680  INFO 4064 --- [restartedMain] o.s.web.context.ContextLoader            : Root WebApplicationContext: initialization completed in 3778 ms
2020-06-30 10:20:31.331  INFO 4064 --- [restartedMain] o.s.s.web.DefaultSecurityFilterChain     : Creating filter chain: any request, [org.springframework.security.web.context.request.async.WebAsyncManagerIntegrationFilter@571e8bd9, org.springframework.security.web.context.SecurityContextPersistenceFilter@2b61e3ec, org.springframework.security.web.header.HeaderWriterFilter@1751d86b, org.springframework.security.web.csrf.CsrfFilter@54fe66d1, org.springframework.security.web.authentication.logout.LogoutFilter@65111bcc, org.springframework.security.web.authentication.UsernamePasswordAuthenticationFilter@2f5b7d49, org.springframework.security.web.savedrequest.RequestCacheAwareFilter@221617d6, org.springframework.security.web.servletapi.SecurityContextHolderAwareRequestFilter@3b1d117f, org.springframework.security.web.authentication.rememberme.RememberMeAuthenticationFilter@6e379133, org.springframework.security.web.authentication.AnonymousAuthenticationFilter@65f04b05, org.springframework.security.web.session.SessionManagementFilter@c8ed442, org.springframework.security.web.access.ExceptionTranslationFilter@fc0d7c9, org.springframework.security.web.access.intercept.FilterSecurityInterceptor@78294eb9]
2020-06-30 10:20:31.428  INFO 4064 --- [restartedMain] o.s.s.concurrent.ThreadPoolTaskExecutor  : Initializing ExecutorService 'clientInboundChannelExecutor'
2020-06-30 10:20:31.442  INFO 4064 --- [restartedMain] o.s.s.concurrent.ThreadPoolTaskExecutor  : Initializing ExecutorService 'clientOutboundChannelExecutor'
2020-06-30 10:20:31.483  INFO 4064 --- [restartedMain] o.s.s.c.ThreadPoolTaskScheduler          : Initializing ExecutorService 'messageBrokerTaskScheduler'
2020-06-30 10:20:31.501  INFO 4064 --- [restartedMain] o.s.s.concurrent.ThreadPoolTaskExecutor  : Initializing ExecutorService 'brokerChannelExecutor'
2020-06-30 10:20:32.737  WARN 4064 --- [restartedMain] ion$DefaultTemplateResolverConfiguration : Cannot find template location: classpath:/templates/ (please add some templates or check your Thymeleaf configuration)
2020-06-30 10:20:33.244  INFO 4064 --- [restartedMain] o.s.b.d.a.OptionalLiveReloadServer       : LiveReload server is running on port 35729
2020-06-30 10:20:33.331  INFO 4064 --- [restartedMain] o.s.s.c.ThreadPoolTaskScheduler          : Initializing ExecutorService 'taskScheduler'
2020-06-30 10:20:33.444  INFO 4064 --- [restartedMain] o.s.i.endpoint.EventDrivenConsumer       : Adding {logging-channel-adapter:_org.springframework.integration.errorLogger} as a subscriber to the 'errorChannel' channel
2020-06-30 10:20:33.445  INFO 4064 --- [restartedMain] o.s.i.channel.PublishSubscribeChannel    : Channel 'application.errorChannel' has 1 subscriber(s).
2020-06-30 10:20:33.445  INFO 4064 --- [restartedMain] o.s.i.endpoint.EventDrivenConsumer       : started bean '_org.springframework.integration.errorLogger'
2020-06-30 10:20:33.461  INFO 4064 --- [restartedMain] o.s.b.w.embedded.tomcat.TomcatWebServer  : Tomcat started on port(s): 80 (http) with context path ''
2020-06-30 10:20:33.463  INFO 4064 --- [restartedMain] o.s.m.s.b.SimpleBrokerMessageHandler     : Starting...
2020-06-30 10:20:33.463  INFO 4064 --- [restartedMain] o.s.m.s.b.SimpleBrokerMessageHandler     : BrokerAvailabilityEvent[available=true, SimpleBrokerMessageHandler [DefaultSubscriptionRegistry[cache[0 destination(s)], registry[0 sessions]]]]
2020-06-30 10:20:33.463  INFO 4064 --- [restartedMain] o.s.m.s.b.SimpleBrokerMessageHandler     : Started.
2020-06-30 10:20:33.562  INFO 4064 --- [restartedMain] com.bit.FinalProjectApplication          : Started FinalProjectApplication in 7.025 seconds (JVM running for 2269.779)
2020-06-30 10:20:33.570  INFO 4064 --- [restartedMain] .ConditionEvaluationDeltaLoggingListener : Condition evaluation unchanged
2020-06-30 10:20:40.019  INFO 4064 --- [Thread-2126] o.s.m.s.b.SimpleBrokerMessageHandler     : Stopping...
2020-06-30 10:20:40.020  INFO 4064 --- [Thread-2126] o.s.m.s.b.SimpleBrokerMessageHandler     : BrokerAvailabilityEvent[available=false, SimpleBrokerMessageHandler [DefaultSubscriptionRegistry[cache[0 destination(s)], registry[0 sessions]]]]
2020-06-30 10:20:40.021  INFO 4064 --- [Thread-2126] o.s.m.s.b.SimpleBrokerMessageHandler     : Stopped.
2020-06-30 10:20:43.046  INFO 4064 --- [Thread-2126] o.s.i.endpoint.EventDrivenConsumer       : Removing {logging-channel-adapter:_org.springframework.integration.errorLogger} as a subscriber to the 'errorChannel' channel
2020-06-30 10:20:43.047  INFO 4064 --- [Thread-2126] o.s.i.channel.PublishSubscribeChannel    : Channel 'application.errorChannel' has 0 subscriber(s).
2020-06-30 10:20:43.047  INFO 4064 --- [Thread-2126] o.s.i.endpoint.EventDrivenConsumer       : stopped bean '_org.springframework.integration.errorLogger'
2020-06-30 10:20:43.048  INFO 4064 --- [Thread-2126] o.s.s.c.ThreadPoolTaskScheduler          : Shutting down ExecutorService 'taskScheduler'
2020-06-30 10:20:43.054  INFO 4064 --- [Thread-2126] o.s.s.concurrent.ThreadPoolTaskExecutor  : Shutting down ExecutorService 'brokerChannelExecutor'
2020-06-30 10:20:43.054  INFO 4064 --- [Thread-2126] o.s.s.c.ThreadPoolTaskScheduler          : Shutting down ExecutorService 'messageBrokerTaskScheduler'
2020-06-30 10:20:43.055  INFO 4064 --- [Thread-2126] o.s.s.concurrent.ThreadPoolTaskExecutor  : Shutting down ExecutorService 'clientOutboundChannelExecutor'
2020-06-30 10:20:43.055  INFO 4064 --- [Thread-2126] o.s.s.concurrent.ThreadPoolTaskExecutor  : Shutting down ExecutorService 'clientInboundChannelExecutor'
